
                            < M A T L A B (R) >
                  Copyright 1984-2015 The MathWorks, Inc.
                   R2015a (8.5.0.197613) 64-bit (glnxa64)
                             February 12, 2015

 
시작하려면 helpwin, helpdesk, demo 중 하나를 입력하십시오.
제품 정보는 www.mathworks.com을 방문하십시오.
 

	Academic License

@@@@@@@@@@@@@@@@@@@@@@@@@@@@@@@@@@@@@@@@@@@@@@@@@@@@@@@@@@@@@@@@@@@@@@@@@@@@@@@@
The processing parameters has:
	Frequency: 1.00 ~ 50.00 ; step(0.50)
	Channel  : total n(31) ; REAL n(30)
	Subject  : n(19)
@@@@@@@@@@@@@@@@@@@@@@@@@@@@@@@@@@@@@@@@@@@@@@@@@@@@@@@@@@@@@@@@@@@@@@@@@@@@@@@@
Starting parallel pool (parpool) using the 'local' profile ... 
{다음 작업 중 사용자에 의해 종료됨: parallel.internal.pool.InteractiveClient/start
(line 371)


다음에서: parallel.Pool>iStartClient (line 547)
client.start(poolType , numWorkers, cluster, ...

다음에서: parallel.Pool.hBuildPool (line 439)
            iStartClient(client, 'pool', cluster, guiMode, supportRestart,
            argsList);

다음에서: parallel.internal.pool.doParpool (line 15)
    pool = parallel.Pool.hBuildPool(constructorArgs{:});

다음에서: parpool (line 89)
    pool = parallel.internal.pool.doParpool(varargin{:});

다음에서: c_wavelet_EXP_AmH (line 72)
POOL					=	parpool('local', NUMWORKERS);
% 최대 48 core 고려.
} 
{다음 작업 중 사용자에 의해 종료됨: fullfile>addTrailingFileSep (line 77)


다음에서: fullfile>ensureTrailingFilesep (line 72)
        f = addTrailingFileSep(f,fileSeparator);

다음에서: fullfile (line 47)
            theInputs{1} = ensureTrailingFilesep(theInputs{1}, fileSeparator);

다음에서: connector.internal.initClassLoader>getJarPaths (line 34)



다음에서: connector.internal.initClassLoader (line 7)



다음에서: connectorHandler (line 25)



다음에서: connector (line 10)
    connectorHandler(action, varargin{:});

다음에서: connector.internal.autostart.run (line 10)


} 
Parallel pool using the 'local' profile is shutting down.
